2025-08-06 10:18:34,936 | INFO | ==================================================
2025-08-06 10:18:34,936 | INFO | 开始爬取基金从业资格数据
2025-08-06 10:18:35,473 | INFO | 第1页: 20条数据
2025-08-06 10:18:36,908 | INFO | ==================================================
2025-08-06 10:18:36,909 | INFO | 开始爬取基金从业资格数据
2025-08-06 10:18:37,254 | INFO | 第2页: 20条数据
2025-08-06 10:18:37,316 | INFO | 第1页: 20条数据
2025-08-06 10:18:38,752 | INFO | 第3页: 20条数据
2025-08-06 10:18:39,395 | INFO | 第2页: 20条数据
2025-08-06 10:18:40,864 | INFO | 第4页: 20条数据
2025-08-06 10:18:42,154 | INFO | 第3页: 20条数据
2025-08-06 10:18:42,174 | INFO | 第5页: 20条数据
2025-08-06 10:18:43,529 | INFO | 第6页: 20条数据
2025-08-06 10:18:44,449 | INFO | 第4页: 20条数据
2025-08-06 10:18:45,320 | INFO | 第7页: 20条数据
2025-08-06 10:18:46,381 | INFO | 第5页: 20条数据
2025-08-06 10:18:47,660 | INFO | 第8页: 20条数据
2025-08-06 10:18:48,448 | INFO | 第6页: 20条数据
2025-08-06 10:18:48,862 | INFO | 第9页: 20条数据
2025-08-06 10:18:50,580 | INFO | 第7页: 20条数据
2025-08-06 10:18:50,582 | INFO | 第10页: 20条数据
2025-08-06 10:18:52,011 | INFO | 第8页: 20条数据
2025-08-06 10:18:52,143 | INFO | 第11页: 20条数据
2025-08-06 10:18:53,566 | INFO | 第12页: 20条数据
2025-08-06 10:18:53,980 | INFO | 第9页: 20条数据
2025-08-06 10:18:55,667 | INFO | 第10页: 20条数据
2025-08-06 10:18:55,731 | INFO | 第13页: 20条数据
2025-08-06 10:18:57,149 | INFO | 第11页: 20条数据
2025-08-06 10:18:57,503 | INFO | 第14页: 20条数据
2025-08-06 10:18:58,538 | INFO | 第12页: 20条数据
2025-08-06 10:18:59,632 | INFO | 第15页: 20条数据
2025-08-06 10:19:00,538 | INFO | 第13页: 20条数据
2025-08-06 10:19:01,557 | INFO | 第16页: 20条数据
2025-08-06 10:19:02,112 | INFO | 第14页: 20条数据
2025-08-06 10:19:03,579 | INFO | 第17页: 20条数据
2025-08-06 10:19:04,274 | INFO | 第15页: 20条数据
2025-08-06 10:19:05,814 | INFO | 第18页: 20条数据
2025-08-06 10:19:05,914 | INFO | 第16页: 20条数据
2025-08-06 10:19:07,304 | INFO | 第17页: 20条数据
2025-08-06 10:19:07,892 | INFO | 第19页: 20条数据
2025-08-06 10:19:09,443 | INFO | 第18页: 20条数据
2025-08-06 10:19:09,747 | INFO | 第20页: 20条数据
2025-08-06 10:19:11,063 | INFO | 第19页: 20条数据
2025-08-06 10:19:11,148 | INFO | 第21页: 20条数据
2025-08-06 10:19:13,009 | INFO | 第20页: 20条数据
2025-08-06 10:19:13,177 | INFO | 第22页: 20条数据
2025-08-06 10:19:14,986 | INFO | 第21页: 20条数据
2025-08-06 10:19:15,034 | INFO | 第23页: 20条数据
2025-08-06 10:19:16,559 | INFO | 第22页: 20条数据
2025-08-06 10:19:16,903 | INFO | 第24页: 20条数据
2025-08-06 10:19:18,261 | INFO | 第25页: 20条数据
2025-08-06 10:19:18,655 | INFO | 第23页: 20条数据
2025-08-06 10:19:20,449 | INFO | 第24页: 20条数据
2025-08-06 10:19:20,503 | INFO | 第26页: 20条数据
2025-08-06 10:19:22,397 | INFO | 第27页: 20条数据
2025-08-06 10:19:22,425 | INFO | 第25页: 20条数据
2025-08-06 10:19:23,873 | INFO | 第26页: 20条数据
2025-08-06 10:19:24,096 | INFO | 第28页: 20条数据
2025-08-06 10:19:25,606 | INFO | 第29页: 20条数据
2025-08-06 10:19:27,665 | INFO | 第30页: 20条数据
2025-08-06 10:20:09,584 | INFO | ==================================================
2025-08-06 10:20:09,584 | INFO | 开始爬取基金从业资格数据
2025-08-06 10:20:10,124 | INFO | 第1页: 20条数据
2025-08-06 10:20:11,930 | INFO | 第2页: 20条数据
2025-08-06 10:20:13,364 | INFO | 第3页: 20条数据
2025-08-06 10:20:15,151 | INFO | 第4页: 20条数据
2025-08-06 10:20:16,574 | INFO | 第5页: 20条数据
2025-08-06 10:20:18,201 | INFO | 第6页: 20条数据
2025-08-06 10:20:19,688 | INFO | 第7页: 20条数据
2025-08-06 10:20:21,635 | INFO | 第8页: 20条数据
2025-08-06 10:20:23,338 | INFO | 第9页: 20条数据
2025-08-06 10:20:25,235 | INFO | 第10页: 20条数据
2025-08-06 10:20:27,082 | INFO | 第11页: 20条数据
2025-08-06 10:20:28,615 | INFO | 第12页: 20条数据
2025-08-06 10:20:30,658 | INFO | 第13页: 20条数据
2025-08-06 10:20:32,593 | INFO | 第14页: 20条数据
2025-08-06 10:20:34,005 | INFO | 第15页: 20条数据
2025-08-06 10:20:36,056 | INFO | 第16页: 20条数据
2025-08-06 10:20:37,991 | INFO | 第17页: 20条数据
2025-08-06 10:20:39,335 | INFO | 第18页: 20条数据
2025-08-06 10:20:41,505 | INFO | 第19页: 20条数据
2025-08-06 10:20:43,011 | INFO | 第20页: 20条数据
2025-08-06 10:20:44,907 | INFO | 第21页: 20条数据
2025-08-06 10:20:46,479 | INFO | 第22页: 20条数据
2025-08-06 10:20:48,012 | INFO | 第23页: 20条数据
2025-08-06 10:20:49,512 | INFO | 第24页: 20条数据
2025-08-06 10:20:51,531 | INFO | 第25页: 20条数据
2025-08-06 10:20:53,456 | INFO | 第26页: 20条数据
2025-08-06 10:20:55,942 | INFO | 第27页: 20条数据
2025-08-06 10:20:57,763 | INFO | 第28页: 20条数据
2025-08-06 10:20:59,679 | INFO | 第29页: 20条数据
2025-08-06 10:21:01,813 | INFO | 第30页: 20条数据
2025-08-06 10:21:03,302 | INFO | 第31页: 20条数据
2025-08-06 10:21:04,712 | INFO | 第32页: 20条数据
2025-08-06 10:21:05,914 | INFO | 第33页: 20条数据
2025-08-06 10:21:07,267 | INFO | 第34页: 20条数据
2025-08-06 10:21:08,953 | INFO | 第35页: 20条数据
2025-08-06 10:21:10,667 | INFO | 第36页: 20条数据
2025-08-06 10:21:12,715 | INFO | 第37页: 20条数据
2025-08-06 10:21:14,846 | INFO | 第38页: 20条数据
2025-08-06 10:21:16,672 | INFO | 第39页: 20条数据
2025-08-06 10:21:18,575 | INFO | 第40页: 20条数据
2025-08-06 10:21:20,359 | INFO | 第41页: 20条数据
2025-08-06 10:21:21,887 | INFO | 第42页: 20条数据
2025-08-06 10:21:23,652 | INFO | 第43页: 20条数据
2025-08-06 10:21:25,279 | INFO | 第44页: 20条数据
2025-08-06 10:21:27,289 | INFO | 第45页: 20条数据
2025-08-06 10:21:29,071 | INFO | 第46页: 20条数据
2025-08-06 10:21:30,623 | INFO | 第47页: 20条数据
2025-08-06 10:21:32,413 | INFO | 第48页: 20条数据
2025-08-06 10:21:34,526 | INFO | 第49页: 20条数据
2025-08-06 10:21:36,147 | INFO | 第50页: 20条数据
2025-08-06 10:21:37,410 | INFO | 爬取完成: 1000条数据
2025-08-06 10:21:38,142 | INFO | Excel保存成功: 基金从业资格_2025-08-06.xlsx
2025-08-06 10:21:38,234 | ERROR | 数据库保存失败: 'cryptography' package is required for sha256_password or caching_sha2_password auth methods
2025-08-06 10:21:38,234 | INFO | 基金从业资格爬取完成: 1000 条数据
2025-08-06 10:21:38,235 | INFO | Excel文件: 基金从业资格_2025-08-06.xlsx
2025-08-06 10:21:38,235 | INFO | 数据库表: fund_personnel
2025-08-06 10:21:38,235 | INFO | ==================================================
